This is pdfTeX, Version 3.141592653-2.6-1.40.26 (MiKTeX 24.3) (preloaded format=pdflatex 2024.3.14)  14 MAR 2024 21:11
entering extended mode
 \write18 enabled.
 file:line:error style messages enabled.
 %&-line parsing enabled.
**c:/Users/hecto/Documents/Thesis/thesis.tex
(c:/Users/hecto/Documents/Thesis/thesis.tex
LaTeX2e <2023-11-01> patch level 1
L3 programming layer <2024-02-20>

! LaTeX Error: File `b5paper,11pt.cls' not found.

Type X to quit or <RETURN> to proceed,
or enter new name. (Default extension: cls)

Enter file name: 
c:/Users/hecto/Documents/Thesis/thesis.tex:2: Emergency stop.
<read *> 
         
l.2 \begin
          {document}^^M
*** (cannot \read from terminal in nonstop modes)

 
Here is how much of TeX's memory you used:
 24 strings out of 474436
 559 string characters out of 5751769
 1925190 words of memory out of 5000000
 22459 multiletter control sequences out of 15000+600000
 558069 words of font info for 36 fonts, out of 8000000 for 9000
 1141 hyphenation exceptions out of 8191
 19i,0n,29p,102b,17s stack positions out of 10000i,1000n,20000p,200000b,200000s
c:/Users/hecto/Documents/Thesis/thesis.tex:2:  ==> Fatal error occurred, no output PDF file produced!
